<?xml version="1.0" encoding="UTF-8"?>
<!-- Generated by org.testng.reporters.JUnitReportReporter -->
<testsuite hostname="Nena" failures="0" tests="3" name="testClasses.HomePageTest" time="9.010" errors="0" timestamp="05 May 2020 14:53:35 GMT" skipped="0">
  <testcase classname="testClasses.HomePageTest" name="selectSizeForAProduct" time="4.125"/>
  <testcase classname="testClasses.HomePageTest" name="testSearchForItem" time="3.751"/>
  <testcase classname="testClasses.HomePageTest" name="testTryinOut" time="1.134"/>
</testsuite> <!-- testClasses.HomePageTest -->
